[debug] [2025-02-10T15:47:23.704Z] ----------------------------------------------------------------------
[debug] [2025-02-10T15:47:23.706Z] Command:       C:\Program Files\nodejs\node.exe C:\Users\LENOVO\AppData\Roaming\npm\node_modules\firebase-tools\lib\bin\firebase.js emulators:start --only functions
[debug] [2025-02-10T15:47:23.706Z] CLI Version:   13.30.0
[debug] [2025-02-10T15:47:23.706Z] Platform:      win32
[debug] [2025-02-10T15:47:23.706Z] Node Version:  v20.10.0
[debug] [2025-02-10T15:47:23.706Z] Time:          Mon Feb 10 2025 23:47:23 GMT+0800 (Singapore Standard Time)
[debug] [2025-02-10T15:47:23.706Z] ----------------------------------------------------------------------
[debug] 
[debug] [2025-02-10T15:47:23.901Z] > command requires scopes: ["email","openid","https://www.googleapis.com/auth/cloudplatformprojects.readonly","https://www.googleapis.com/auth/firebase","https://www.googleapis.com/auth/cloud-platform"]
[debug] [2025-02-10T15:47:23.902Z] > authorizing via signed-in user (pristianb007@gmail.com)
[info] i  emulators: Starting emulators: functions {"metadata":{"emulator":{"name":"hub"},"message":"Starting emulators: functions"}}
[debug] [2025-02-10T15:47:23.909Z] [logging] Logging Emulator only supports listening on one address (127.0.0.1). Not listening on ::1
[debug] [2025-02-10T15:47:23.909Z] assigned listening specs for emulators {"user":{"hub":[{"address":"127.0.0.1","family":"IPv4","port":4400},{"address":"::1","family":"IPv6","port":4400}],"ui":[{"address":"127.0.0.1","family":"IPv4","port":4000},{"address":"::1","family":"IPv6","port":4000}],"logging":[{"address":"127.0.0.1","family":"IPv4","port":4500}]},"metadata":{"message":"assigned listening specs for emulators"}}
[debug] [2025-02-10T15:47:23.912Z] [hub] writing locator at C:\Users\LENOVO\AppData\Local\Temp\hub-principal-iris-449200-b7.json
[debug] [2025-02-10T15:47:23.935Z] [functions] Functions Emulator only supports listening on one address (127.0.0.1). Not listening on ::1
[debug] [2025-02-10T15:47:23.935Z] [eventarc] Eventarc Emulator only supports listening on one address (127.0.0.1). Not listening on ::1
[debug] [2025-02-10T15:47:23.935Z] [tasks] Cloud Tasks Emulator only supports listening on one address (127.0.0.1). Not listening on ::1
[debug] [2025-02-10T15:47:23.935Z] late-assigned ports for functions and eventarc emulators {"user":{"hub":[{"address":"127.0.0.1","family":"IPv4","port":4400},{"address":"::1","family":"IPv6","port":4400}],"ui":[{"address":"127.0.0.1","family":"IPv4","port":4000},{"address":"::1","family":"IPv6","port":4000}],"logging":[{"address":"127.0.0.1","family":"IPv4","port":4500}],"functions":[{"address":"127.0.0.1","family":"IPv4","port":8080}],"eventarc":[{"address":"127.0.0.1","family":"IPv4","port":9299}],"tasks":[{"address":"127.0.0.1","family":"IPv4","port":9499}]},"metadata":{"message":"late-assigned ports for functions and eventarc emulators"}}
[warn] !  functions: The following emulators are not running, calls to these services from the Functions emulator will affect production: apphosting, auth, firestore, database, hosting, pubsub, storage, dataconnect {"metadata":{"emulator":{"name":"functions"},"message":"The following emulators are not running, calls to these services from the Functions emulator will affect production: \u001b[1mapphosting, auth, firestore, database, hosting, pubsub, storage, dataconnect\u001b[22m"}}
[debug] [2025-02-10T15:47:23.938Z] defaultcredentials: writing to file C:\Users\LENOVO\AppData\Roaming\firebase\pristianb007_gmail_com_application_default_credentials.json
[debug] [2025-02-10T15:47:23.940Z] Setting GAC to C:\Users\LENOVO\AppData\Roaming\firebase\pristianb007_gmail_com_application_default_credentials.json {"metadata":{"emulator":{"name":"functions"},"message":"Setting GAC to C:\\Users\\LENOVO\\AppData\\Roaming\\firebase\\pristianb007_gmail_com_application_default_credentials.json"}}
[debug] [2025-02-10T15:47:23.941Z] Checked if tokens are valid: true, expires at: 1739204399188
[debug] [2025-02-10T15:47:23.941Z] Checked if tokens are valid: true, expires at: 1739204399188
[debug] [2025-02-10T15:47:23.942Z] >>> [apiv2][query] GET https://firebase.googleapis.com/v1beta1/projects/principal-iris-449200-b7/adminSdkConfig [none]
[debug] [2025-02-10T15:47:24.366Z] <<< [apiv2][status] GET https://firebase.googleapis.com/v1beta1/projects/principal-iris-449200-b7/adminSdkConfig 200
[debug] [2025-02-10T15:47:24.366Z] <<< [apiv2][body] GET https://firebase.googleapis.com/v1beta1/projects/principal-iris-449200-b7/adminSdkConfig {"projectId":"principal-iris-449200-b7","storageBucket":"principal-iris-449200-b7.firebasestorage.app"}
[info] i  functions: Watching "D:\1. Iannn\2. Work\6. Technical Tests\EBuddy\Back End\lib" for Cloud Functions... {"metadata":{"emulator":{"name":"functions"},"message":"Watching \"D:\\1. Iannn\\2. Work\\6. Technical Tests\\EBuddy\\Back End\\lib\" for Cloud Functions..."}}
[debug] [2025-02-10T15:47:24.399Z] Validating nodejs source
[debug] [2025-02-10T15:47:26.281Z] > [functions] package.json contents: {
  "name": "back-end",
  "version": "1.0.0",
  "main": "index.js",
  "scripts": {
    "build": "npx tsc",
    "postbuild": "copy package.json lib\\",
    "start": "node core/app.ts",
    "dev": "nodemon core/app.ts",
    "test": "echo \"Error: no test specified\" && exit 1"
  },
  "author": "Ian",
  "license": "ISC",
  "description": "",
  "dependencies": {
    "cookie-parser": "^1.4.7",
    "dotenv": "^16.4.7",
    "express": "^4.21.2",
    "firebase": "^11.3.0",
    "firebase-admin": "^13.1.0",
    "firebase-functions": "^6.3.1"
  },
  "devDependencies": {
    "@types/cookie-parser": "^1.4.8",
    "@types/express": "^5.0.0",
    "@types/node": "^22.13.1",
    "concurrently": "^9.1.2",
    "nodemon": "^3.1.9",
    "ts-node": "^10.9.2",
    "ts-node-dev": "^2.0.0",
    "typescript": "^5.7.3"
  }
}
[debug] [2025-02-10T15:47:26.281Z] Building nodejs source
[debug] [2025-02-10T15:47:26.282Z] Failed to find version of module node: reached end of search path D:\1. Iannn\2. Work\6. Technical Tests\EBuddy\Back End\lib\node_modules
[warn] !  functions: Your requested "node" version "16" doesn't match your global version "20". Using node@20 from host. 
[debug] [2025-02-10T15:47:26.285Z] Could not find functions.yaml. Must use http discovery
[debug] [2025-02-10T15:47:26.291Z] Found firebase-functions binary at 'D:\1. Iannn\2. Work\6. Technical Tests\EBuddy\Back End\node_modules\.bin\firebase-functions'
[info] Serving at port 8544

[info] Server running on port 8080
http://localhost:8080

[debug] [2025-02-10T15:47:27.489Z] Got response from /__/functions.yaml {"endpoints":{"api":{"availableMemoryMb":null,"timeoutSeconds":null,"minInstances":null,"maxInstances":null,"ingressSettings":null,"concurrency":null,"serviceAccountEmail":null,"vpc":null,"platform":"gcfv2","labels":{},"httpsTrigger":{},"entryPoint":"api"}},"specVersion":"v1alpha1","requiredAPIs":[],"extensions":{}}
[info] Successfully retrieved authorization header: eyJhb

[info] Successfully retrieved authorization header: eyJhb

[info] +  functions: Loaded functions definitions from source: api. {"metadata":{"emulator":{"name":"functions"},"message":"Loaded functions definitions from source: api."}}
[info] +  functions[us-central1-api]: http function initialized (http://127.0.0.1:8080/principal-iris-449200-b7/us-central1/api). {"metadata":{"emulator":{"name":"functions"},"message":"\u001b[1mhttp\u001b[22m function initialized (http://127.0.0.1:8080/principal-iris-449200-b7/us-central1/api)."}}
[debug] [2025-02-10T15:47:37.522Z] Could not find VSCode notification endpoint: FetchError: request to http://localhost:40001/vscode/notify failed, reason: . If you are not running the Firebase Data Connect VSCode extension, this is expected and not an issue.
[info] 
┌─────────────────────────────────────────────────────────────┐
│ ✔  All emulators ready! It is now safe to connect your app. │
│ i  View Emulator UI at http://127.0.0.1:4000/               │
└─────────────────────────────────────────────────────────────┘

┌───────────┬────────────────┬─────────────────────────────────┐
│ Emulator  │ Host:Port      │ View in Emulator UI             │
├───────────┼────────────────┼─────────────────────────────────┤
│ Functions │ 127.0.0.1:8080 │ http://127.0.0.1:4000/functions │
└───────────┴────────────────┴─────────────────────────────────┘
  Emulator Hub running at 127.0.0.1:4400
  Other reserved ports: 4500

Issues? Report them at https://github.com/firebase/firebase-tools/issues and attach the *-debug.log files.
 
[info] Successfully retrieved authorization header: eyJhb

[info] Successfully retrieved authorization header: eyJhb

[info] Successfully retrieved authorization header: eyJhb

[info] Successfully retrieved authorization header: eyJhb

[info] Successfully retrieved authorization header: eyJhb

[info] Successfully retrieved authorization header: eyJhb

